2018-11-12 21:29:00	admin	http://localhost/fourprocesswire/	Parse Error: 	syntax error, unexpected '<' (line 4 of C:\wamp64\www\fourprocesswire\site\assets\cache\FileCompiler\site\templates\home.php)
2018-11-12 23:50:43	admin	http://localhost/fourprocesswire/	Error: 	Exception: Method Pageimages::size does not exist or is not callable in this context (in C:\wamp64\www\fourprocesswire\wire\core\Wire.php line 519)  #0 C:\wamp64\www\fourprocesswire\wire\core\WireArray.php(2248): ProcessWire\Wire->___callUnknown('size', Array) #1 C:\wamp64\www\fourprocesswire\wire\core\Wire.php(386): ProcessWire\WireArray->___callUnknown('size', Array) #2 C:\wamp64\www\fourprocesswire\wire\core\WireHooks.php(723): ProcessWire\Wire->_callMethod('___callUnknown', Array) #3 C:\wamp64\www\fourprocesswire\wire\core\Wire.php(442): ProcessWire\WireHooks->runHooks(Object(ProcessWire\Pageimages), 'callUnknown', Array) #4 C:\wamp64\www\fourprocesswire\wire\core\Wire.php(445): ProcessWire\Wire->__call('callUnknown', Array) #5 C:\wamp64\www\fourprocesswire\wire\core\Wire.php(445): ProcessWire\Pageimages->callUnknown('size', Array) #6 C:\wamp64\www\fourprocesswire\site\templates\home.php(291): ProcessWire\Wire->__call('size', Array) #7 C:\wamp64\www\fourprocesswire\site\templates\home.php(291): ProcessWir
2018-11-13 00:09:44	admin	http://localhost/fourprocesswire/	Error: 	Exception: Method Pageimages::size does not exist or is not callable in this context (in C:\wamp64\www\fourprocesswire\wire\core\Wire.php line 519)  #0 C:\wamp64\www\fourprocesswire\wire\core\WireArray.php(2248): ProcessWire\Wire->___callUnknown('size', Array) #1 C:\wamp64\www\fourprocesswire\wire\core\Wire.php(386): ProcessWire\WireArray->___callUnknown('size', Array) #2 C:\wamp64\www\fourprocesswire\wire\core\WireHooks.php(723): ProcessWire\Wire->_callMethod('___callUnknown', Array) #3 C:\wamp64\www\fourprocesswire\wire\core\Wire.php(442): ProcessWire\WireHooks->runHooks(Object(ProcessWire\Pageimages), 'callUnknown', Array) #4 C:\wamp64\www\fourprocesswire\wire\core\Wire.php(445): ProcessWire\Wire->__call('callUnknown', Array) #5 C:\wamp64\www\fourprocesswire\wire\core\Wire.php(445): ProcessWire\Pageimages->callUnknown('size', Array) #6 C:\wamp64\www\fourprocesswire\site\templates\home.php(297): ProcessWire\Wire->__call('size', Array) #7 C:\wamp64\www\fourprocesswire\site\templates\home.php(297): ProcessWir
2018-11-13 00:11:17	admin	http://localhost/fourprocesswire/	Error: 	Exception: Method Pageimages::size does not exist or is not callable in this context (in C:\wamp64\www\fourprocesswire\wire\core\Wire.php line 519)  #0 C:\wamp64\www\fourprocesswire\wire\core\WireArray.php(2248): ProcessWire\Wire->___callUnknown('size', Array) #1 C:\wamp64\www\fourprocesswire\wire\core\Wire.php(386): ProcessWire\WireArray->___callUnknown('size', Array) #2 C:\wamp64\www\fourprocesswire\wire\core\WireHooks.php(723): ProcessWire\Wire->_callMethod('___callUnknown', Array) #3 C:\wamp64\www\fourprocesswire\wire\core\Wire.php(442): ProcessWire\WireHooks->runHooks(Object(ProcessWire\Pageimages), 'callUnknown', Array) #4 C:\wamp64\www\fourprocesswire\wire\core\Wire.php(445): ProcessWire\Wire->__call('callUnknown', Array) #5 C:\wamp64\www\fourprocesswire\wire\core\Wire.php(445): ProcessWire\Pageimages->callUnknown('size', Array) #6 C:\wamp64\www\fourprocesswire\site\templates\home.php(297): ProcessWire\Wire->__call('size', Array) #7 C:\wamp64\www\fourprocesswire\site\templates\home.php(297): ProcessWir
2018-11-13 00:12:23	admin	http://localhost/fourprocesswire/	Error: 	Exception: Method Pageimages::size does not exist or is not callable in this context (in C:\wamp64\www\fourprocesswire\wire\core\Wire.php line 519)  #0 C:\wamp64\www\fourprocesswire\wire\core\WireArray.php(2248): ProcessWire\Wire->___callUnknown('size', Array) #1 C:\wamp64\www\fourprocesswire\wire\core\Wire.php(386): ProcessWire\WireArray->___callUnknown('size', Array) #2 C:\wamp64\www\fourprocesswire\wire\core\WireHooks.php(723): ProcessWire\Wire->_callMethod('___callUnknown', Array) #3 C:\wamp64\www\fourprocesswire\wire\core\Wire.php(442): ProcessWire\WireHooks->runHooks(Object(ProcessWire\Pageimages), 'callUnknown', Array) #4 C:\wamp64\www\fourprocesswire\wire\core\Wire.php(445): ProcessWire\Wire->__call('callUnknown', Array) #5 C:\wamp64\www\fourprocesswire\wire\core\Wire.php(445): ProcessWire\Pageimages->callUnknown('size', Array) #6 C:\wamp64\www\fourprocesswire\site\templates\home.php(297): ProcessWire\Wire->__call('size', Array) #7 C:\wamp64\www\fourprocesswire\site\templates\home.php(297): ProcessWir
2018-11-13 00:15:42	admin	http://localhost/fourprocesswire/	Error: 	Exception: Method Pageimages::size does not exist or is not callable in this context (in C:\wamp64\www\fourprocesswire\wire\core\Wire.php line 519)  #0 C:\wamp64\www\fourprocesswire\wire\core\WireArray.php(2248): ProcessWire\Wire->___callUnknown('size', Array) #1 C:\wamp64\www\fourprocesswire\wire\core\Wire.php(386): ProcessWire\WireArray->___callUnknown('size', Array) #2 C:\wamp64\www\fourprocesswire\wire\core\WireHooks.php(723): ProcessWire\Wire->_callMethod('___callUnknown', Array) #3 C:\wamp64\www\fourprocesswire\wire\core\Wire.php(442): ProcessWire\WireHooks->runHooks(Object(ProcessWire\Pageimages), 'callUnknown', Array) #4 C:\wamp64\www\fourprocesswire\wire\core\Wire.php(445): ProcessWire\Wire->__call('callUnknown', Array) #5 C:\wamp64\www\fourprocesswire\wire\core\Wire.php(445): ProcessWire\Pageimages->callUnknown('size', Array) #6 C:\wamp64\www\fourprocesswire\site\templates\home.php(297): ProcessWire\Wire->__call('size', Array) #7 C:\wamp64\www\fourprocesswire\site\templates\home.php(297): ProcessWir
2018-11-13 00:18:52	admin	http://localhost/fourprocesswire/	Error: 	Exception: Method Pageimages::size does not exist or is not callable in this context (in C:\wamp64\www\fourprocesswire\wire\core\Wire.php line 519)  #0 C:\wamp64\www\fourprocesswire\wire\core\WireArray.php(2248): ProcessWire\Wire->___callUnknown('size', Array) #1 C:\wamp64\www\fourprocesswire\wire\core\Wire.php(386): ProcessWire\WireArray->___callUnknown('size', Array) #2 C:\wamp64\www\fourprocesswire\wire\core\WireHooks.php(723): ProcessWire\Wire->_callMethod('___callUnknown', Array) #3 C:\wamp64\www\fourprocesswire\wire\core\Wire.php(442): ProcessWire\WireHooks->runHooks(Object(ProcessWire\Pageimages), 'callUnknown', Array) #4 C:\wamp64\www\fourprocesswire\wire\core\Wire.php(445): ProcessWire\Wire->__call('callUnknown', Array) #5 C:\wamp64\www\fourprocesswire\wire\core\Wire.php(445): ProcessWire\Pageimages->callUnknown('size', Array) #6 C:\wamp64\www\fourprocesswire\site\templates\home.php(297): ProcessWire\Wire->__call('size', Array) #7 C:\wamp64\www\fourprocesswire\site\templates\home.php(297): ProcessWir
2018-11-13 00:21:44	admin	http://localhost/fourprocesswire/	Error: 	Exception: Method Pageimages::size does not exist or is not callable in this context (in C:\wamp64\www\fourprocesswire\wire\core\Wire.php line 519)  #0 C:\wamp64\www\fourprocesswire\wire\core\WireArray.php(2248): ProcessWire\Wire->___callUnknown('size', Array) #1 C:\wamp64\www\fourprocesswire\wire\core\Wire.php(386): ProcessWire\WireArray->___callUnknown('size', Array) #2 C:\wamp64\www\fourprocesswire\wire\core\WireHooks.php(723): ProcessWire\Wire->_callMethod('___callUnknown', Array) #3 C:\wamp64\www\fourprocesswire\wire\core\Wire.php(442): ProcessWire\WireHooks->runHooks(Object(ProcessWire\Pageimages), 'callUnknown', Array) #4 C:\wamp64\www\fourprocesswire\wire\core\Wire.php(445): ProcessWire\Wire->__call('callUnknown', Array) #5 C:\wamp64\www\fourprocesswire\wire\core\Wire.php(445): ProcessWire\Pageimages->callUnknown('size', Array) #6 C:\wamp64\www\fourprocesswire\site\templates\home.php(297): ProcessWire\Wire->__call('size', Array) #7 C:\wamp64\www\fourprocesswire\site\templates\home.php(297): ProcessWir
2018-11-13 01:40:37	admin	http://localhost/fourprocesswire/	Parse Error: 	syntax error, unexpected '<' (line 192 of C:\wamp64\www\fourprocesswire\site\templates\home.php)
2018-11-13 02:42:00	admin	http://localhost/fourprocesswire/	Parse Error: 	syntax error, unexpected '<' (line 230 of C:\wamp64\www\fourprocesswire\site\templates\home.php)
2018-11-13 02:42:24	admin	http://localhost/fourprocesswire/	Parse Error: 	syntax error, unexpected '<' (line 230 of C:\wamp64\www\fourprocesswire\site\templates\home.php)
2018-11-13 02:43:21	admin	http://localhost/fourprocesswire/	Parse Error: 	syntax error, unexpected end of file (line 365 of C:\wamp64\www\fourprocesswire\site\templates\home.php)
2018-11-13 21:05:15	admin	http://localhost/fourprocesswire/gallery/	Parse Error: 	syntax error, unexpected '<' (line 164 of C:\wamp64\www\fourprocesswire\site\templates\gallery.php)
2018-11-13 22:28:41	admin	http://localhost/fourprocesswire/	Parse Error: 	syntax error, unexpected 'nav' (T_STRING), expecting ',' or ';' (line 130 of C:\wamp64\www\fourprocesswire\site\templates\home.php)
2018-11-13 22:39:37	admin	http://localhost/fourprocesswire/	Parse Error: 	syntax error, unexpected 'nav' (T_STRING), expecting ',' or ';' (line 131 of C:\wamp64\www\fourprocesswire\site\templates\home.php)
2018-11-15 00:19:05	admin	http://localhost/fourprocesswire/about-page/	Error: 	Call to undefined function about() (line 185 of C:\wamp64\www\fourprocesswire\site\templates\about.php)
